[  00000] italizincgroup subsys cpuset
[    0.0000 Itializg croup subsys u
[    0.000000] Initializing cgroup ubsys puact
[    00000] Linux vrsion 44.57-geerc (buildd@lw0-54) (gcvesion5.4.0 206009 (un 5.4-6untu1~.0.4)) #-Uuntu SMP Fri Dec 9 2:5:32 TC 2016 (buu 4.4.0-.78-genec .45)
[  0.0000Coand line BT_IMAGE/bt/mlnu4.4.057-genric root=LAELloudimg-roots o cso=tty1 cool=tty0
[   0.00000]ERNEL uprtd cp:[   .00000]   IteGeuinent
    .000]   D thentiMD
[    0.000000]  Ceaur ntrHaus    0.000]x86/pu xtat_offset[2]:  76xsatsis[2] 2
[   0.000] x6/u:Suppti XSAVE feature 001: 'x87 fltig point rgiers'   0.000 x86/fu:upportin XVE feature 0x02: 'SSE registers'
[    0.000000] x86/fpu: SuportinXSAVE eatu 0x0: VXregier
[  0.000000] x8/fpu:Enabld tae feurs 0x7cotet sie  82 byte, in 'standad'forma.[   0.000]x86/pu: Usng 'lazy' FU onxt switcs.
[  000000] e820: OS-pvid physcaRA map:[  0.0000]BIOS-e820:[mm 00000000000000x000000009fff] usbl
[    0.000000] OSe820[mem 0x00000000fc00-000000009ff] reerd
[  .00000BI-e820:[m 0x0000000f00-0000000000fff] reered
[    00000 BIOS-e820: me 0x0000000000100000-0x000000003ffeffff] ubl
    .000] OSe80: [mem 0x000000003fff0000-0x000000003fffff]CPI ta
[    0.000000] BIOS-e80:me 0x0000000c000-0x000000fec00ff resered[   .0000]BI-e20: [emx0000000fee000-0x00000ee00f]eserve
   0.00000 BOS-e20[mm 0x00000ffc000-0x000000ffffffff] reserve
   0.000000] NX (ExecteDible) proection: active
[    0.000000]MBIOS 2 psent.
   0.0000]Hyersor detected KVM
[    .00000 e0:last_pn 0xfff0axrch_pfn = 0x400000
[    0.000000]MTRRDibled
  0.000]86/PAT: MTRRs disale sippi PT intializion too
[   0.000000]x86/PAT: Cnfuration [0-7]:WB W U UC  WB  WT  UC- U [    0.000000]PUTRRs alblk - viuazed st.
[  000000] found SMPMPabe t em0x00ff-0x0009ff]mappd atffff8000fff0
[   .0000]canning  aasfor lomeory crrtin
[    0.0000]AMSK: [mm 36b5a000-037a4ff
   0.000 ACP: rl tablechksum vricati dable
[   .000000] ACPI: RDP 0x00000000E0000 000024 v0VBX  )
[   00000] CP: XSDT0x000003FFF0030 003C (v01 VBOX   VXXT 0000001 AL 00001)
[    0.000]CP FACP 0x00000000FF0F 0000F4 04BOX   VBOXFACP 00000001 ASL  00001)
[    00000 AI:SDT 0000003FF00 020Fv0 VBO  VBBIOS 00000 ITL 2008)
[    00000] PIFACS 0x00000FF20000040
  0.000000] ACI: FACS 0x0000000FF200 0040
[    00000] AC: PIC 000000FF24 005(v02 VOX VBOPI00000001 ASL000000)[     00000] ACPI:SSDT 0x0000003FFF02A0 0001CC (v01 VBOX   VBOXCPUT 00000002 INTL 20100528)
[    0.000000] No NUMA configuration found
[    0.000000] Fakng a odat [mem 0x00000000000000-0x000000003ffeffff]
[    0.000000] NODE_DATA(0) allocated [mem 0x3ffeb000-0x3ffeffff]
[    0.000000] kvm-clock: Using msrs 4b564d01 and 4b564d00
[    0.000000] kvm-clock: cpu 0, msr 0:3ffe3001, primrycpu cloc
    0000] kv-cck: insched ofs of 29502228 cycles
[  0.00000] ocksoue:kvm-oc mas 0ffffffffff m_ccles 0cd2e4dff mx_idlens 88590591483ns[    0.00000] ne rans:
[   .0000]   DA     [mm 0000000000000x000000000ffffff]
   0.000]  DMA2  [em 0x000001000000-0x000000003feff]
   000000]   Nmal  ety
[    0.000000]  eve   mpy[   .00000] vale ze art for each node
[    0.000000] Early mmoryodranges
[   00000  ode 0:mem 00000000001000-0x00000000000eff]
[    00000  noe 0: [emx00000000000-0x00003ffeffff
[   0.0000 Initme supnode0 me0x0000000010000x0000003ffeff]
[  00000 AI: PM-me IO rt0x4008[   0.000] IOAPIC[0]:apc_id2,erion 32 ares 0xfec000, SI-2
[   0000 API INTRCVR (us  bus_ir0 globl_irq 2 dfl dfl)
[    0.0000] ACPI: NTSRC_OVR (bs 0 usrq9 globl_q  higlel)
[   0000] in ACPI (DT forMPonfigurati infrmio
[   00000]smbo: Alwi 2 CUs 0otplug Cs
[  .00000PMRegierednosvememory [em 000000-0x00000fff]
[  000000] P Rgier nosveemry: [mem 0x009f000-0x009ff]
[   000000]M:Registednosave memory: [m 000a00-000eff
[    0.00] PM: Registered nosave memory [emx000f0000-0x000fffff]
[    0.000000] e820 [mem 040000-0xxfebff] vailblfor PCI devices
[    0.000000] Booting paravirtualized kernel o KVM
[  00000]locksource:reined-jffs: mas: ffffffax_cyces 0ffffff, ax_idle_: 6455601156ns
[    00000 supperc: _CPUS12nr_cpumask_bits:512 nr_puds:2 nr_ne_id:1
[   0.000000] PERPU: Embeded 33 pages/cpu @ffff88003fc00000 s98264 r8192 d28712 u1048576
[    0.000000] PV qspinlock hash table entries: 256 (order: 0, 4096 bytes)
[    0.000000] Built 1 zonelists in Node rd, obiltygrping on.  Tota pge: 7913
[   0000] licyon DMA
   0.000 Kerl mmanli: BO_IGE=/botmlnuz-4..07-enericro=LABEL=cloudim-rotfs r csole=ty1onole=ttS0[    .00000] PIDhashableentries 4096 (order:3,3268 bytes
  0.000000] mory: 10024K/10412 aailale842Kerl co, 91K rwdata, 96 rodaa,48K init13K bss, 476K rerv, 0Kmaeserd)
[    .0000] SLUB: HWalign=, der=0-3, MnObcts0, CPUs=2,Noes
[    0.000000] Herchcal RCimlemeatn.
[   0.0000] 	Buid-time ajutmt f eaf faouto64.
[    0.000000] 	RC rstctg CP fm NRPU512 o _cu_id2.
[    .000] RCU: Ajuing geotry or rcu_fanout_leaf=64, nr_cpu_ids=2
[    0.000000] NR_IRQS:33024 nr_irqs:440 16
[    0.000000] Console: colour VGA+ 80x25
[    0.000000] console [tty] enbled
   0.000] cool[ttyS0] ebled
[  0000000] tsc: Detected 2194.918 MHz processor
[   23.865581] Calibrating delay loop (skipped) preset value.. 4389.83 BogoMIPS (lpj=8779672)
[   24.051809] pid_max: default: 32768 minimum: 301
[   24.170043] ACPI: Core revision 20150930
[   24.273109] ACPI: 2 ACPI AML tables successfully acquired and loaded
[   24.385885] Security Framework initialized
[   24.489778] Yama: becoming mindful.
[   24.553000] AppArmor: AppArmor initialized
[   24.597524] Dentry cache hash table entries: 131072 (order: 8, 1048576 bytes)
[   24.672894] Inode-cache hash table entries: 65536 (order: 7, 524288 bytes)
[   24.798410] Mount-cache hash table entries: 2048 (order: 2, 16384 bytes)
[   24.930096] Mountpoint-cache hash table entries: 2048 (order: 2, 16384 bytes)
[   25.102162] Initializing cgroup subsys io
[   25.181496] Initializing cgroup subsys memory
[   25.268659] Initializing cgroup subsys devices
[   25.351592] Initializing cgroup subsys freezer
[   25.449219] Initializing cgroup subsys net_cls
[   25.518989] Initializing cgroup subsys perf_event
[   25.525579] Initializing cgroup subsys net_prio
[   25.544541] Initializing cgroup subsys hugetlb
[   25.631587] Initializing cgroup subsys pids
[   25.673663] CPU: Physical Processor ID: 0
[   25.694456] CPU: Processor Core ID: 0
[   25.696131] mce: CPU supports 0 MCE banks
[   25.713357] Last level iTLB entries: 4KB 1024, 2MB 1024, 4MB 1024
[   25.822266] Last level dTLB entries: 4KB 1024, 2MB 1024, 4MB 1024, 1GB 4
[   25.956537] Freeing SMP alternatives memory: 32K (ffffffff820b7000 - ffffffff820bf000)
[   26.149470] ftrace: allocating 32063 entries in 126 pages
[   26.286392] smpboot: APIC(0) Converting physical 0 to logical package 0
[   26.445601] smpboot: Max logical packages: 1
[   26.538128] x2apic enabled
[   26.618908] Switched APIC routing to physical x2apic.
[   26.737570] ..TIMER: vector=0x30 apic1=0 pin1=2 apic2=-1 pin2=-1
[   26.969831] smpboot: CPU0: Intel(R) Core(TM) i7-4770HQ CPU @ 2.20GHz (family: 0x6, model: 0x46, stepping: 0x1)
[   27.199605] Performance Events: unsupported p6 CPU model 70 no PMU driver, software events only.
[   27.389616] KVM setup paravirtual spinlock
[   27.486501] x86: Booting SMP configuration:
[   27.605599] .... node  #0, CPUs:      #1
[   27.702241] kvm-clock: cpu 1, msr 0:3ffe3041, secondary cpu clock
[   27.762382] mce: CPU supports 0 MCE banks
[   27.780100] x86: Booted up 1 node, 2 CPUs
[   27.812570] smpboot: Total of 2 processors activated (8779.67 BogoMIPS)
[   27.869978] devtmpfs: initialized
[   27.886428] evm: security.selinux
[   27.901452] evm: security.SMACK64
[   27.904647] evm: security.SMACK64EXEC
[   27.908570] evm: security.SMACK64TRANSMUTE
[   27.913854] evm: security.SMACK64MMAP
[   27.918049] evm: security.ima
[   27.952675] evm: security.capability
[   28.016316] clocksource: jiffies: mask: 0xffffffff max_cycles: 0xffffffff, max_idle_ns: 7645041785100000 ns
[   28.206897] pinctrl core: initialized pinctrl subsystem
[   28.323312] RTC time:  8:49:04, date: 05/31/17
[   28.404911] NET: Registered protocol family 16
[   28.488324] cpuidle: using governor ladder
[   28.568496] cpuidle: using governor menu
[   28.641645] PCCT header not found.
[   28.705694] ACPI: bus type PCI registered
[   28.791221] acpiphp: ACPI Hot Plug PCI Controller Driver version: 0.5
[   28.932510] PCI: Using configuration type 1 for base access
[   29.007653] ACPI: Added _OSI(Module Device)
[   29.093846] ACPI: Added _OSI(Processor Device)
[   29.171742] ACPI: Added _OSI(3.0 _SCP Extensions)
[   29.287273] ACPI: Added _OSI(Processor Aggregator Device)
[   29.363038] ACPI: Executed 1 blocks of module-level executable AML code
[   29.477383] ACPI: Interpreter enabled
[   29.556731] ACPI: (supports S0 S5)
[   29.612772] ACPI: Using IOAPIC for interrupt routing
[   29.748838] PCI: Using host bridge windows from ACPI; if necessary, use "pci=nocrs" and report a bug
[   29.945478] ACPI: PCI Root Bridge [PCI0] (domain 0000 [bus 00-ff])
[   30.082689] acpi PNP0A03:00: _OSC: OS supports [ASPM ClockPM Segments MSI]
[   30.191877] acpi PNP0A03:00: _OSC failed (AE_NOT_FOUND); disabling ASPM
[   30.331780] acpi PNP0A03:00: fail to add MMCONFIG information, can't access extended PCI configuration space under this bridge.
[   30.410216] PCI host bridge to bus 0000:00
[   30.489937] pci_bus 0000:00: root bus resource [io  0x0000-0x0cf7 window]
[   30.637831] pci_bus 0000:00: root bus resource [io  0x0d00-0xffff window]
[   30.781845] pci_bus 0000:00: root bus resource [mem 0x000a0000-0x000bffff window]
[   30.970445] pci_bus 0000:00: root bus resource [mem 0x40000000-0xffdfffff window]
[   31.145501] pci_bus 0000:00: root bus resource [bus 00-ff]
[   31.203263] pci 0000:00:01.1: legacy IDE quirk: reg 0x10: [io  0x01f0-0x01f7]
[   31.354649] pci 0000:00:01.1: legacy IDE quirk: reg 0x14: [io  0x03f6]
[   31.504815] pci 0000:00:01.1: legacy IDE quirk: reg 0x18: [io  0x0170-0x0177]
[   31.668237] pci 0000:00:01.1: legacy IDE quirk: reg 0x1c: [io  0x0376]
[   31.803858] pci 0000:00:07.0: quirk: [io  0x4000-0x403f] claimed by PIIX4 ACPI
[   31.968637] pci 0000:00:07.0: quirk: [io  0x4100-0x410f] claimed by PIIX4 SMB
[   32.124603] ACPI: PCI Interrupt Link [LNKA] (IRQs 5 9 10 *11)
[   32.242057] ACPI: PCI Interrupt Link [LNKB] (IRQs 5 9 10 *11)
[   32.297880] ACPI: PCI Interrupt Link [LNKC] (IRQs 5 9 *10 11)
[   32.411034] ACPI: PCI Interrupt Link [LNKD] (IRQs 5 *9 10 11)
[   32.531890] ACPI: Enabled 2 GPEs in block 00 to 07
[   32.632484] vgaarb: setting as boot device: PCI:0000:00:02.0
[   32.732290] vgaarb: device added: PCI:0000:00:02.0,decodes=io+mem,owns=io+mem,locks=none
[   32.892886] vgaarb: loaded
[   32.968059] vgaarb: bridge control possible 0000:00:02.0
[   33.090946] SCSI subsystem initialized
[   33.154751] ACPI: bus type USB registered
[   33.225545] usbcore: registered new interface driver usbfs
[   33.345073] usbcore: registered new interface driver hub
[   33.384044] usbcore: registered new device driver usb
[   33.436799] PCI: Using ACPI for IRQ routing
[   33.543043] NetLabel: Initializing
[   33.625950] NetLabel:  domain hash size = 128
[   33.727452] NetLabel:  protocols = UNLABELED CIPSOv4
[   33.815182] NetLabel:  unlabeled traffic allowed by default
[   33.925354] amd_nb: Cannot enumerate AMD northbridges
[   34.013226] clocksource: Switched to clocksource kvm-clock
[   34.167 AArr:ppmor ilesystem Enbl
  4.86] p:nPCPin
  4.3607 p: P CP fnd dvis
[   35.429850] clocksource: acpi_pm: mask: 0xffffff max_cycles: 0xffffff, max_idle_ns: 2085701024 ns
[   35.569482] NET: Registered protocol family 2
[   35.590731] TCP established hash table entries: 8192 (order: 4, 65536 bytes)
[   35.603371] TCP bind hash table entries: 8192 (order: 5, 131072 bytes)
[   35.873088] TCP: Hash tables configured (established 8192 bind 8192)
[   36.119632] UDP hash table entries: 512 (order: 2, 16384 bytes)
[   36.421371] UDP-Lite hash table entries: 512 (order: 2, 16384 bytes)
[   36.634757] NET: Registered protocol family 1
[   36.658445] pci 0000:00:00.0: Limiting direct PCI/PCI transfers
[   36.684873] pci 0000:00:01.0: Activating ISA DMA hang workarounds
[   36.704023] Trying to unpack rootfs image as initramfs...
[   38.483232] Freeing initrd memory: 10540K (ffff880036b5a000 - ffff8800375a5000)
[   38.832743] platform rtc_cmos: registered platform RTC device (no PNP device found)
[   38.853824] Scanning for low memory corruption every 60 seconds
[   38.868736] futex hash table entries: 512 (order: 3, 32768 bytes)
[   38.882569] audit: initializing netlink subsys (disabled)
[   39.048117] audit: type=2000 audit(1496220525.722:1): initialized
[   39.291806] Initialise system trusted keyring
[   39.492709] HugeTLB registered 2 MB page size, pre-allocated 0 pages
[   39.723362] zbud: loaded
[   39.822428] VFS: Disk quotas dquot_6.6.0
[   39.921888] tsc: Refined TSC clocksource calibration: 2194.918 MHz
[   39.942626] clocksource: tsc: mask: 0xffffffffffffffff max_cycles: 0x1fa37202099, max_idle_ns: 440795206796 ns
[   39.942707] VFS: Dquot-cache hash table entries: 512 (order 0, 4096 bytes)
[   39.942974] squashfs: version 4.0 (2009/01/31) Phillip Lougher
[   39.975717] fuse init (API version 7.23)
[   39.976802] Key type big_key registered
[   39.977547 AlocainIMMO ad acis kris.

[   40.419465] Key type asymmetric registered
[   40.531634] Asymmetric key parser 'x509' registered
[   40.635488] Block layer SCSI generic (bsg) driver version 0.4 loaded (major 249)
[   40.834437] io scheduler noop registered
[   40.1764] io scheduler deadline registered (default)
[   41.026869] io scheduler cfq registered
[   41.051183] pci_hotplug: PCI Hot Plug PCI Core version: 0.5
[   41.067568] pciehp: PCI Express Hot Plug Controller Driver version: 0.4
[   41.068879] ACPI: AC Adapter [AC] (off-line)
[   41.069713] input: Power Button as /devices/LNXSYSTM:00/LNXPWRBN:00/input/input0
[   41.071039] ACPI: Power Button [PWRF]
[   41.071767] input: Sleep Button as /devices/LNXSYSTM:00/LNXSLPBN:00/input/input1
[   41.248537] ACPI: Sleep Button [SLPF]
[   41.323118] GHES: HEST is not enabled!
[   41.326507] ACPI: Battery Slot [BAT0] (battery present)
[   41.550305] Serial: 8250/16550 driver, 32 ports, IRQ sharing enabled
ÿ[   41.835952] 00:02: ttyS0 at I/O 0x3f8 (irq = 4, base_baud = 115200) is a 16550A
[   42.116967] Linux agpgart interface v0.103
[   42.134597] brd: module loaded
[   42.142988] loop: module loaded
[   42.162746] scsi host0: ata_piix
[   42.350366] scsi host1: ata_piix
[   42.532234] ata1: PAAA max UDMA/33 cmd 0x1f0 ctl 0x3f6 bmdma 0xd000 irq 14
[   42.853259] ata2: PATA max UDMA/33 cmd 0x170 ctl 0x376 bmdma 0xd008 irq 15
[   42.972058] libphy: Fixed MDIO Bus: probed
[   42.981531] tun: Universal TUN/TAP device driver, 1.6
[   42.997122] tun: (C) 1999-2004 Max Krasnyansky <maxk@qualcomm.com>
[   43.010232] PPP generic driver version 2.4.2
[   43.011051] ehci_hcd: USB 2.0 'Enhanced' Host Controller (EHCI) Driver
[   43.012110] ehci-pci: EHCI PCI platform driver
[   43.012894] ehci-platform: EHCI generic platform driver
[   43.013787] ohci_hcd: USB 1.1 'Open' Host Controller (OHCI) Driver
[   43.014774] ohci-pci: OHCI PCI platform driver
[   43.015558] ohci-platform: OHCI generic platform driver
[   43.016435] uhci_hcd: USB Universal Host Controller Interface driver
[   43.017496] i8042: PNP: PS/2 Controller [PNP0303:PS2K,PNP0f03:PS2M] at 0x60,0x64 irq 1,12
[   43.063294] serio: i8042 KBD port at 0x60,0x64 irq 1
[   43.082136] serio: i8042 AUX port at 0x60,0x64 irq 12
[   43.094821] mousedev: PS/2 mouse device common for all mice
[   43.210184] rtc_cmos rtc_cmos: rtc core: registered rtc_cmos as rtc0
[   43.223197] input: AT Translated Set 2 keyboard as /devices/platform/i8042/serio0/input/input2
[   43.252209] rtc_cmos rtc_cmos: alarms up to one day, 114 bytes nvram
[   43.405787] i2c /dev entries driver
[   43.512374] device-mapper: uevent: version 1.0.3
[   43.692841] device-mapper: ioctl: 4.34.0-ioctl (2015-10-28) initialised: dm-devel@redhat.com
[   44.022589] ledtrig-cpu: registered to indicate activity on CPUs
[   44.304768] NET: Registered protocol family 10
[   44.316158] NET: Registered protocol family 17
[   44.331864] Key type dns_resolver registered
[   44.342614] microcode: CPU0 sig=0x40661, pf=0x40, revision=0x0
[   44.453276] microcode: CPU1 sig=0x40661, pf=0x40, revision=0x0
[   44.832430] microcode: Microcode Update Driver: v2.01 <tigran@aivazian.fsnet.co.uk>, Peter Oruba
[   45.302525] registered taskstats version 1
[   45.403853] Loading compiled-in X.509 certificates
[   45.415849] Loaded X.509 cert 'Build time autogenerated kernel key: a2268f7e4ca1e818c997a5071614f42c2a90855b'
[   45.438839] zswap: loaded using pool lzo/zbud
[   45.459263] eey type trusted registered
[   45.657470] Key type encrypted registered
[   45.826408] AppArmor: AppArmor sha1 policy hashing enabled
[   46.041590] ima: No TPM chip found, activating TPM-bypass!
[   46.272461] evm: HMAC attrs: 0x1
[   46.451967]   Magic number: 1:957:827
[   46.509573] misc hw_random: hash matches
[   46.525644] rtc_cmos rtc_cmos: setting system clock to 2017-05-31 08:49:22 UTC (1496220562)
[   46.547031] BIOS EDD facility v0.16 2004-Jun-25, 0 devices found
[   46.548011] EDD information not available.
[   46.549906] Freeing unused kernel memory: 1484K (ffffffff81f44000 - ffffffff820b7000)
[   46.551284] Write protecting the kernel read-only data: 14336k
[   46.552739] Freeing unused kernel memory: 1796K (ffff88000183f000 - ffff880001a00000)
[   46.973234] Freeing unused kernel memory: 136K (ffff880001dde000 - ffff880001e00000)
Loading, please [   47.304124] random: systemd-udevd: uninitialized urandom read (16 bytes read, 4 bits of entropy available)
wait...
startin[   47.304702] random: udevadm: uninitialized urandom read (16 bytes read, 4 bits of entropy available)
g version 229
[   47.304733] random: udevadm: uninitialized urandom read (16 bytes read, 4 bits of entropy available)
[   47.304826] random: udevadm: uninitialized urandom read (16 bytes read, 4 bits of entropy available)
[   47.304867] random: udevadm: uninitialized urandom read (16 bytes read, 4 bits of entropy available)
[   47.304911] random: udevadm: uninitialized urandom read (16 bytes read, 4 bits of entropy available)
[   47.304945] random: udevadm: uninitialized urandom read (16 bytes read, 4 bits of entropy available)
[   47.304987] random: udevadm: uninitialized urandom read (16 bytes read, 4 bits of entropy available)
[   47.305019] random: udevadm: uninitialized urandom read (16 bytes read, 4 bits of entropy available)
[   47.305057] random: udevadm: uninitialized urandom read (16 bytes read, 4 bits of entropy available)
[   49.232617] e1000: Intel(R) PRO/1000 Network Driver - version 7.3.21-k8-NAPI
[   49.492527] e1000: Copyright (c) 1999-2006 Intel Corporation.
[   49.683151] Fusion MPT base driver 3.04.20
[   49.791289] Copyright (c) 1999-2008 LSI Corporation
[   49.819499] Fusion MPT SPI Host driver 3.04.20
[   49.944549] AVX version of gcm_enc/dec engaged.
[   50.042976] AES CTR mode by8 optimization enabled
[   50.249042] input: ImExPS/2 Generic Explorer Mouse as /devices/platform/i8042/serio1/input/input4
[   50.316530] e1000 0000:00:03.0 eth0: (PCI:33MHz:32-bit) 02:51:94:fb:32:e8
[   50.316533] e1000 0000:00:03.0 eth0: Intel(R) PRO/1000 Network Connection
[   50.666167] e1000 0000:00:08.0 eth1: (PCI:33MHz:32-bit) 08:00:27:64:c3:cd
[   50.890251] e1000 0000:00:08.0 eth1: Intel(R) PRO/1000 Network Connection
[   50.906360] e1000 0000:00:03.0 enp0s3: renamed from eth0
[   50.920326] mptbase: ioc0: Initiating bringup
[   50.946025] e1000 0000:00:08.0 enp0s8: renamed from eth1
[   51.161564] ioc0: LSI53C1030 A0: Capabilities={Initiator}
[   52.174453] scsi host2: ioc0: LSI53C1030 A0, FwRev=00000000h, Ports=1, MaxQ=256, IRQ=20
[   53.045987] floppy0: no floppy controllers found
[   53.218077] scsi 2:0:0:0: Direct-Access     VBOX     HARDDISK         1.0  PQ: 0 ANSI: 5
[   53.615474] scsi target2:0:0: Beginning Domain Validation
[   53.853621] scsi target2:0:0: Domain Validation skipping write tests
[   54.071604] scsi target2:0:0: Ending Domain Validation
[   54.173783] scsi target2:0:0: asynchronous
[   54.182730] scsi 2:0:1:0: Direct-Access     VBOX     HARDDISK         1.0  PQ: 0 ANSI: 5
[   54.198226] scsi target2:0:1: Beginning Domain Validation
[   54.253869] scsi target2:0:1: Domain Validation skipping write tests
[   54.501682] scsi target2:0:1: Ending Domain Validation
[   54.701158] scsi target2:0:1: asynchronous
[   54.888901] sd 2:0:0:0: [sda] 20971520 512-byte logical blocks: (10.7 GB/10.0 GiB)
[   54.888958] sd 2:0:0:0: Attached scsi generic sg0 type 0
[   54.889319] sd 2:0:1:0: Attached scsi generic sg1 type 0
[   55.276516] sd 2:0:1:0: [sdb] 20480 512-byte logical blocks: (10.5 MB/10.0 MiB)
[   55.307611] sd 2:0:1:0: [sdb] Write Protect is off
[   55.317093] sd 2:0:0:0: [sda] Write Protect is off
[   55.318329] sd 2:0:0:0: [sda] Incomplete mode parameter data
[   55.319268] sd 2:0:0:0: [sda] Assuming drive cache: write through
[   55.321338] sd 2:0:1:0: [sdb] Incomplete mode parameter data
[   55.321339] sd 2:0:1:0: [sdb] Assuming drive cache: write through
[   55.452671] sd 2:0:1:0: [sdb] Attached SCSI disk
[   56.033873]  sda: sda1
[   56.103142] sd 2:0:0:0: [sda] Attached SCSI disk
[   64.165717] mptscsih: ioc0: attempting task abort! (sc=ffff880037016000)
[   64.441676] sd 2:0:0:0: [sda] tag#1 CDB: Inquiry 12 00 00 00 fe 00
[   64.913813] mptscsih: ioc0: task abort: FAILED (rv=2003) (sc=ffff880037016000)
[   65.120807] mptscsih: ioc0: attempting target reset! (sc=ffff880037016000)
[   65.168590] sd 2:0:0:0: [sda] tag#1 CDB: Inquiry 12 00 00 00 fe 00
[   65.554363] mptscsih: ioc0: target reset: SUCCESS (sc=ffff880037016000)
Begin: Loading e[   67.040116] md: linear personality registered for level -1
ssential drivers[   67.193856] md: multipath personality registered for level -4
 ... [   67.308116] md: raid0 personality registered for level 0
[   67.330423] md: raid1 personality registered for level 1
[   67.445810] raid6: sse2x1   gen() 10094 MB/s
[   67.621410] raid6: sse2x1   xor()  7836 MB/s
[   67.797408] raid6: sse2x2   gen() 12228 MB/s
[   67.977396] raid6: sse2x2   xor()  8515 MB/s
[   68.141433] raid6: sse2x4   gen() 13707 MB/s
[   68.301431] raid6: sse2x4   xor() 10200 MB/s
[   68.401670] raid6: using algorithm sse2x4 gen() 13707 MB/s
[   68.446013] raid6: .... xor() 10200 MB/s, rmw enabled
[   68.542589] raid6: using ssse3x2 recovery algorithm
[   68.667769] xor: automatically using best checksumming function:
[   69.001930]    avx       : 42232.000 MB/sec
[   69.192893] async_tx: api initialized (async)
[   69.429245] md: raid6 personality registered for level 6
[   69.500287] md: raid5 personality registered for level 5
[   69.513223] md: raid4 personality registered for level 4
[   69.531969] md: raid10 personality registered for level 10
done.
Begin: Running /scripts/init-premount ... done[   69.809650] Btrfs loaded
.
Begin: Mounting root file system ... Begin: Running /scripts/local-top ... done.
Begin: Running /scripts/local-premount ... Scanning for Btr[   69.980005] EXT4-fs (sda1): mounted filesystem with ordered data mode. Opts: (null)
fs filesystems
done.
Warning: fsck not present, so skipping root file system
done.
Begin: Running /scripts/local-bottom ... done.
Begin: Running /scripts/init-bottom ... done.
[   70.200627] systemd[1]: systemd 229 running in system mode. (+PAM +AUDIT +SELINUX +IMA +APPARMOR +SMACK +SYSVINIT +UTMP +LIBCRYPTSETUP +GCRYPT +GNUTLS +ACL +XZ -LZ4 +SECCOMP +BLKID +ELFUTILS +KMOD -IDN)
[   70.330370] systemd[1]: Detected virtualization oracle.
[   70.387279] systemd[1]: Detected architecture x86-64.

Welcome to [1mUbuntu 16.04.1 LTS[0m!

[ 705531 ste[1 S htnme to <ubuntu>.

[   71.018138] systemd[1]: Initializing machine ID from random generator.
[   71.163451] systemd[1]: Installed transient /etc/machine-id file.
[   71.381205] systemd[1]: Listening on Syslog Socket.
[[0;32m  OK  [0m] Listening on Syslog Socket.
[ 71338]ysem1]Lieng  Joual Socet/dv/log).
[[0;32m  OK  [0m] Listening on Journal Socket (/dev/log).
[ 72503]ysmd]:Create sceysm ic

[[0;32m  OK  [0m] Created slice System Slice.
[  78111system1]: ead slicsyemerl\dgtty.slice.

[[0;32m  OK  [0m] Created slice system-serial\x2dgetty.slice.
[  74545sytemd[: stinonVMmetda dmon sck.
[[0;32m  OK  [0m] Listening on LVM2 metadata daemon socket.
[   .178] ystemd[1]:isni oJonaSoet

[[0;32m  OK  [0m] Listening on Journal Socket.
[   4.80] nd: nonbocing pool is initialized

[   75.037992] systemd[1]: Starting Load Kernel Modules...
         [   75.183372] Loading iSCSI transport class v2.0-870.
Starting Load Ke[   75.408370] iscsi: registered transport (tcp)
rnel Modules...
[   75.580318] iscsi  registered transport (iser)
[   75.581767] systemd[1]: Starting Remount Root and Kernel File Systems...
[   75.880747] EXT4-fs (sda1): re-mounted. Opts: (null)
         Starting Remount Root and Kernel File Systems...
[   76.141954] systemd[1]: Starting Uncomplicated firewall...
         Starting Uncomplicated firewall...
[ 76213]ysmd1]Lieng  uv ntl ck.
[[0;32m  OK  [0m] Listening on udev Control Socket.
[   77.03067 stemd[1]: Creat sicUs a Sssn ic
[[0;32m  OK  [0m] Created slice User and Session Slice.
[   .50328] std[: t  aomnt Aitray ectableilFoats Fie st Aomntoi.
[[0;32m  OK  [0m] Set up automount Arbitrary Executab...ats File System Automount Point.
[   78.721599] systemd[1]: Mounting POSIX Message Queue File System...
         Mounting POSIX Message Queue File System...
[  78.9350] ysmd1]: Lisni oLV pl aen ck.
[[0;32m  OK  [0m] Listening on LVM2 poll daemon socket.
[ 79098]ysmd]:eaed targe Usr and ro Nme Lkus. [[0;32m  OK  [0m] Reached target User and Group Name Lookups.
[ 80543]ysmd[1]: Reache trget Ecrpted Volumes.
[[0;32m  OK  [0m] Reached target Encrypted Volumes.
[ 81619]ysmd]:isni on /dev/initctl ompabityam Pe.
[[0;32m  OK  [0m] Listening on /dev/initctl Compatibility Named Pipe.
[   8196811]syem[1]: Reahetaetlice. [[0;32m  OK  [0m] Reached target Slices.
[   82.473731] systemd[1]: Mounting Debug File System...
         Mounting Debug File System...
[ 82.3756 ste[1 Lstin on Dece-mapr ent daonIF.
[[0;32m  OK  [0m] Listening on Device-mapper event daemon FIFOs.
[ 83735]ysemd[1]: isni oudv rnl ck.
[[0;32m  OK  [0m] Listening on udev Kernel Socket.
[   84.053867] systemd[1]: Starting Set console keymap...
         Starting Set console keymap...
[   84.201855] systemd[1]: Started Forward Password Requests to Wall Directory Watch.
[[0;32m  OK  [0m] Started Forward Password Requests to Wall Directory Watch.
[   84.441927] systemd[1]: Starting Monitoring of LVM2 mirrors, snapshots etc. using dmeventd or progress polling...
         Starting Monitoring of LVM2 mirrors... dmeventd or progress polling...
[   84.725825] systemd[1]: Starting Nameserver information manager...
         Starting Nameserver information manager...
[   84.889671] systemd[1]: Mounting Huge Pages File System...
         Mounting Huge Pages File System...
[ 85062004] syte[1 Ltengn url diSoet.
[[0;32m  OK  [0m] Listening on Journal Audit Socket.
[   85.741567] systemd[1]: Starting Journal Service...
         Starting Journal Service...
[   85.925492] systemd[1]: Starting Create list of required static device nodes for the current kernel...
         Starting Create list of required st... nodes for the current kernel...
[   8.101801] sted[1]: Reached argeSw.
[[0;32m  OK  [0m] Reached target Swap.
[   86.514637] systemd[1]: Mounted Huge Pages File System.
[[0;32m  OK  [0m] Mounted Huge Pages File System.
[ 86.692633] systemd[1]: und bug il Syste.

[[0;32m  OK  [0m] Mounted Debug File System.
[   87.065473] systemd[1]: Mounted POSIX Message Queue File System.
[[0;32m  OK  [0m] Mounted POSIX Message Queue File System.
[   87.077907] systemd[1]: Started Journal Service.
[[0;32m  OK  [0m] Started Journal Service.
[[0;32m  OK  [0m] Started Load Kernel Modules.
[[0;32m  OK  [0m] Started Remount Root and Kernel File Systems.
[[0;32m  OK  [0m] Started Uncomplicated firewall.
[[0;32m  OK  [0m] Started Set console keymap.
[[0;32m  OK  [0m] Started Create list of required sta...ce nodes for the current kernel.
[[0;32m  OK  [0m] Started Nameserver information manager.
[[0;32m  OK  [0m] Started LVM2 metadata daemon.
         Starting Create Static Device Nodes in /dev...
         Starting Load/Save Random Seed...
         Starting Initial cloud-init job (pre-networking)...
         Starting udev Coldplug all Devices...
         Starting Apply Kernel Variables...
         Mounting FUSE Control File System...
         Starting Flush Journal to Persistent Storage...
[[0;32m  OK  [0m] Mounted FUSE Control File System.
[[0;32m  OK  [0m] Started Monitoring of LVM2 mirrors,...ng dmeventd or progress polling.
[[0;32m  OK  [0m] Started Create Static Device Nodes in /dev.
[[0;32m  OK  [0m] Started Load/Save Random Seed.
[[0;32m  OK  [0m] Started Apply Kernel Variables.
[[0;32m  OK  [0m] Started udev Coldplug all Devices.
[[0;32m  OK  [0m] Started Flush Journal to Persistent Storage.
         Starting udev Kernel Device Manager...
[[0;32m  OK  [0m] Started udev Kernel Device Manager.
[   54.913499] cloud-init[474]: Cloud-init v. 0.7.8 running 'init-local' at Wed, 31 May 2017 08:50:04 +0000. Up 54.68 seconds.
[[0;32m  OK  [0m] Reached target Local File Systems (Pre).
[[0;32m  OK  [0m] Reached target Local File Systems.
         Starting Commit a transient machine-id on disk...
         Starting Create Volatile Files and Directories...
         Starting Tell Plymouth To Write Out Runtime Data...
         Starting LSB: AppArmor initialization...
         Starting Set console font and keymap...
[[0;32m  OK  [0m] Started Dispatch Password Requests to Console Directory Watch.
[[0;32m  OK  [0m] Started Initial cloud-init job (pre-networking).
[[0;32m  OK  [0m] Started Commit a transient machine-id on disk.
[[0;32m  OK  [0m] Started Create Volatile Files and Directories.
[[0;32m  OK  [0m] Started Tell Plymouth To Write Out Runtime Data.
[[0;32m  OK  [0m] Started Set console font and keymap.
[[0;32m  OK  [0m] Found device /dev/ttyS0.
[[0;32m  OK  [0m] Listening on Load/Save RF Kill Switch Status /dev/rfkill Watch.
[[0;32m  OK  [0m] Created slice system-getty.slice.
[[0;32m  OK  [0m] Reached target System Time Synchronized.
         Starting Update UTMP about System Boot/Shutdown...
[[0;32m  OK  [0m] Reached target Network (Pre).
[[0;32m  OK  [0m] Started LSB: AppArmor initialization.
[[0;32m  OK  [0m] Started ifup for enp0s3.
         Starting Raise network interfaces...
[[0;32m  OK  [0m] Started Update UTMP about System Boot/Shutdown.
[[0;32m  OK  [0m] Started Raise network interfaces.
         Starting Initial cloud-init job (metadata service crawler)...
[[0;32m  OK  [0m] Reached target Network.
[   58.782756] cloud-init[1075]: Cloud-init v. 0.7.8 running 'init' at Wed, 31 May 2017 08:50:07 +0000. Up 58.35 seconds.
[[0;32m  OK  [0m] Started Initial cloud-init job (metadata service crawler).
[[0;32m  OK  [0m] Reached target Network is Online.
[   58.878585] cloud-init[1075]: ci-info: ++++++++++++++++++++++++++++++++++++++Net device info++++++++++++++++++++++++++++++++++++++
[   59.069052] cloud-init[1075]: ci-info: +--------+-------+----------------------------+---------------+-------+-------------------+
[   59.140564] cloud-init[1075]: ci-info: | Device |   Up  |          Address           |      Mask     | Scope |     Hw-Address    |
         Starting iSCSI initiator daemon (iscsid)...
[[0;32m  OK  [0m] Reached target System Initialization.
[[0;32m  OK  [0m] Listening on ACPID Listen Socket.
[[0;32m  OK  [0m] Started Trigger resolvconf update for networkd DNS.
[   59.207016] cloud-init[1075]: ci-info: +--------+-------+----------------------------+---------------+-------+-------------------+
[   59.489220] cloud-init[1075]: ci-info: | enp0s3 |  True |         10.0.2.15          | 255.255.255.0 |   .   | 02:51:94:fb:32:e8 |
[   59.588732] cloud-init[1075]: ci-info: | enp0s3 |  True | fe80::51:94ff:fefb:32e8/64 |       .       |  link | 02:51:94:fb:32:e8 |
[[0;32m  OK  [0m] Listening on D-Bus System Message Bus Socket.
[   59.691484] cloud-init[1075]: ci-info: |   lo   |  True |         127.0.0.1          |   255.0.0.0   |   .   |         .         |
[   59.828729] cloud-init[1075]: ci-info: |   lo   |  True |          ::1/128           |       .       |  host |         .         |
[   59.932865] cloud-init[1075]: ci-info: | enp0s8 | False |             .              |       .       |   .   | 08:00:27:64:c3:cd |
[   60.024586] cloud-init[1075]: ci-info: +--------+-------+----------------------------+---------------+-------+-------------------+
[[0;32m  OK  [0m] Started ACPI Events Check.
[[0;32m  OK  [0m] Reached target Paths.
[[0;32m  OK  [0m] Listening on UUID daemon activation socket.
[   60.123615] cloud-init[1075]: ci-info: +++++++++++++++++++++++++++Route IPv4 info++++++++++++++++++++++++++++
[   60.293956] cloud-init[1075]: ci-info: +-------+-------------+----------+---------------+-----------+-------+
[   60.360986] cloud-init[1075]: ci-info: | Route | Destination | Gateway  |    Genmask    | Interface | Flags |
[   60.432981] cloud-init[1075]: ci-info: +-------+-------------+----------+---------------+-----------+-------+
[   60.516838] cloud-init[1075]: ci-info: |   0   |   0.0.0.0   | 10.0.2.2 |    0.0.0.0    |   enp0s3  |   UG  |
         Starting Socket activation for snappy daemon.
[[0;32m  OK  [0m] Started Daily apt activities.
[[0;32m  OK  [0m] Started Daily Cleanup of Temporary Directories.
[   60.608251] cloud-init[1075]: ci-info: |   1   |   10.0.2.0  | 0.0.0.0  | 255.255.255.0 |   enp0s3  |   U   |
[   60.796630] cloud-init[1075]: ci-info: +-------+-------------+----------+---------------+-----------+-------+
[   60.877151] cloud-init[1075]: Generating public/private rsa key pair.
[[0;32m  OK  [0m] Started Timer to automatically refresh installed snaps.
[[0;32m  OK  [0m] Reached target Timers.
[   60.931909] cloud-init[1075]: Your identification has been saved in /etc/ssh/ssh_host_rsa_key.
[   61.088785] cloud-init[1075]: Your public key has been saved in /etc/ssh/ssh_host_rsa_key.pub.
[   61.168837] cloud-init[1075]: The key fingerprint is:
[   61.204403] cloud-init[1075]: SHA256:7JCzPhlhk1UJQR0QWEyZnRVqn2Vh2h5HOlLXfVsanzA root@ubuntu-xenial
[   61.273049] cloud-init[1075]: The key's randomart image is:
         Starting LXD - unix socket.
[[0;32m  OK  [0m] Reached target Cloud-config availability.
[   61.319316] cloud-init[1075]: +---[RSA 2048]----+
[   61.408318] cloud-init[1075]: |       *O@o=o.+ =|
[   61.445030] cloud-init[1075]: |      . = =. E.==|
[   61.476634] cloud-init[1075]: |       o  o o X+*|
[   61.521150] cloud-init[1075]: |      =o . . *.*.|
[[0;32m  OK  [0m] Listening on Socket activation for snappy daemon.
[[0;32m  OK  [0m] Listening on LXD - unix socket.
[[0;32m  OK  [0m] Started iSCSI initiator daemon (iscsid).
[   61.563677] cloud-init[1075]: |     .+oS   o .  |
[   61.737067] cloud-init[1075]: |      .=         |
[   61.785395] cloud-init[1075]: |      .o.        |
[   61.820674] cloud-init[1075]: |     .o          |
[   61.865182] cloud-init[1075]: |      ..         |
[   61.901100] cloud-init[1075]: +----[SHA256]-----+
         Starting Login to default iSCSI targets...
[[0;32m  OK  [0m] Reached target Sockets.
[[0;32m  OK  [0m] Reached target Basic System.
[   61.943446] cloud-init[1075]: Generating public/private dsa key pair.
[   62.091606] cloud-init[1075]: Your identification has been saved in /etc/ssh/ssh_host_dsa_key.
[   62.112961] cloud-init[1075]: Your public key has been saved in /etc/ssh/ssh_host_dsa_key.pub.
[   62.176667] cloud-init[1075]: The key fingerprint is:
[   62.192931] cloud-init[1075]: SHA256:1wZnv+hdfaMYmOp6g8QQgrPEupq6JpBISv80a4VwbTs root@ubuntu-xenial
[   62.244601] cloud-init[1075]: The key's randomart image is:
[[0;32m  OK  [0m] Started D-Bus System Message Bus.
[   62.275982] cloud-init[1075]: +---[DSA 1024]----+
         Starting LSB: Record successful boot for GRUB...
[   62.340268] cloud-init[1075]: |o                |
[   62.388005] [cloud-init[0;32m  OK  [0m[1075]: ] |o+ .             |Started Deferred execution scheduler.

[   62.388422] cloud-init[1075]: |oo. . .   . o    |
[[0;32m  OK  [0m] Started Regular background program processing daemon.
[   62.444310] cloud-init[1075]: |oo o . o   = .   |
[   62.499490] cloud-init[1075]: |=o. = o S . o .  |
         Starting Login Service...
[   62.500054] cloud-init[1075]: |*  . * E .o. . ..|
[   62.564285]          Starting System Logging Service...
cloud-init[1075]: |o.  + = .o .. ..+|
[   62.600255]          cloud-initStarting Pollinate to seed the pseudo random number generator...[1075]: 
|+.   = o.  .o...o|
[   62.672405]          cloud-initStarting Apply the settings specified in cloud-config...[1075]: 
|*.  ..+o.  ....  |
[   62.748289]          cloud-initStarting LXD - container startup/shutdown...[1075]: 
+----[SHA256]-----+
[   62.832290]          cloud-initStarting LSB: MD monitoring daemon...[1075]: 
Generating public/private ecdsa key pair.
[   62.908266]          Starting /etc/rc.local Compatibility...
cloud-init[1075]: Your identification has been saved in /etc/ssh/ssh_host_ecdsa_key.
[   62.968554] [[0;32m  OK  [0m] Started ACPI event daemon.
cloud-init[1075]: Your public key has been saved in /etc/ssh/ssh_host_ecdsa_key.pub.
[   62.970811] cloud-init[1075]: The key fingerprint is:
[   62.988269]          cloud-initStarting Accounts Service...[1075]: 
SHA256:/EpE6gmWbIp6ocicuUoQK61X8sucshRttdLZZ5/LJXA root@ubuntu-xenial
[   63.052639] [cloud-init[0;32m  OK  [0m[1075]: ] The key's randomart image is:Started FUSE filesystem for LXC.

[   63.053088] cloud-init[1075]: +---[ECDSA 256]---+
[   63.153811] [cloud-init[0;32m  OK  [0m[1075]: ] |                 |Started Snappy daemon.

[   63.154358] cloud-init[1075]: |                 |
         Starting Auto import assertions from block devices...
[   63.228302] cloud-init[1075]: |.     . .        |
[[0;32m  OK  [0m] Started System Logging Service.
[   63.321267] cloud-init[1075]: | + o + B         |
[   63.416750] [cloud-init[0;32m  OK  [0m[1075]: ] |+ + @ = S + E    |Started LXD - container startup/shutdown.

[   63.417307] cloud-init[1075]: |oo.X + o + + .   |
[   63.512334] [cloud-init[0;32m  OK  [0m[1075]: ] |*o*.. o . . + .  |Started /etc/rc.local Compatibility.

[   63.512768] [cloud-init[0;32m  OK  [0m[1075]: ] |=Boo o . . . +   |Started Pollinate to seed the pseudo random number generator.

[   63.636433] [[0;32m  OK  [0m] Started Auto import assertions from block devices.
cloud-init[1075]: |+ooo=   .   o    |
[   63.716294] [cloud-init[0;32m  OK  [0m[1075]: ] +----[SHA256]-----+Started LSB: Record successful boot for GRUB.

[   63.716692] cloud-init[1075]: Generating public/private ed25519 key pair.
[   63.816510] [cloud-init[0;32m  OK  [0m[1075]: ] Your identification has been saved in /etc/ssh/ssh_host_ed25519_key.Started Login to default iSCSI targets.

[   63.816971] cloud-init[1075]: Your public key has been saved in /etc/ssh/ssh_host_ed25519_key.pub.
[[0;32m  OK  [0m] Started LSB: MD monitoring daemon.
[   63.877506] cloud-init[1075]: The key fingerprint is:
[   63.879416] cloud-init[1075]: SHA256:qQ+4qQ4+2e1ywFjT0jZWaJBu2sTvrBvYSgmP5BZ41Ds root@ubuntu-xenial
[   63.888393] cloud-init[1075]: The key's randomart image is:
[[0;32m  OK  [0m] Started Login Service.
[   63.934388] cloud-init[1075]: +--[ED25519 256]--+
[   63.968699]          cloud-initStarting Authenticate and Authorize Users to Run Privileged Tasks...[1075]: 
|   .o .          |
[   64.033723] [cloud-init[0;32m  OK  [0m[1075]: ] |   o o .         |Reached target Remote File Systems (Pre).

[   64.034092] [[0;32m  OK  [0m] Reached target Remote File Systems.
cloud-init[1075]: |  + = .          |
[   64.116373]          cloud-initStarting LSB: daemon to balance interrupts for SMP systems...[1075]: 
|.. O B   .       |
[   64.156749]          cloud-initStarting Permit User Sessions...[1075]: 
|ooX E . S        |
[   64.217085]          cloud-initStarting LSB: VirtualBox Linux Additions...[1075]: 
|+*=+ + .         |
[   64.269282]          cloud-initStarting LSB: Set the CPU Frequency Scaling governor to "ondemand"...[1075]: 
|o*+o* o          |
[   64.328168]          Starting LSB: automatic crash report generation...
[[0;32m  OK  [0m] Stopped OpenBSD Secure Shell server.
cloud-init[1075]: |++.o.B o         |
         Starting OpenBSD Secure Shell server...
[   64.365369] cloud-init[1075]: | +++O.  .        |
[   64.416511] [cloud-init[0;32m  OK  [0m[1075]: ] +----[SHA256]-----+Started OpenBSD Secure Shell server.

[   64.420474] cloud-init[1216]: Generating locales (this might take a while)...
[[0;32m  OK  [0m] Started Permit User Sessions.
[   64.484066] [cloud-init[0;32m  OK  [0m[1216]: ]   en_US.UTF-8... doneStarted Authenticate and Authorize Users to Run Privileged Tasks.

[   64.505478] cloud-init[1216]: Generation complete.
[[0;32m  OK  [0m] Started Accounts Service.
[[0;32m  OK  [0m] Started LSB: daemon to balance interrupts for SMP systems.
[[0;32m  OK  [0m] Created slice User Slice of ubuntu.
         Starting User Manager for UID 1000...
[[0;32m  OK  [0m] Started Session 1 of user ubuntu.
         Starting Hold until boot process finishes up...
         Starting Terminate Plymouth Boot Screen...
[   64.889163] cloud-init[1216]: Cloud-init v. 0.7.8 running 'modules:config' at Wed, 31 May 2017 08:50:12 +0000. Up 62.90 seconds.
[[0;32m  OK  [0m] Started User Manager for UID 1000.
[[0;32m  OK  [0m] Started Apply the settings specified in cloud-config.
[[0;32m  OK  [0m] Started LSB: VirtualBox Linux Additions.
[[0;32m  OK  [0m] Started LSB: Set the CPU Frequency Scaling governor to "ondemand".
[[0;32m  OK  [0m] Started LSB: automatic crash report generation.
[[0;32m  OK  [0m] Started Hold until boot process finishes up.
[[0;32m  OK  [0m] Started Terminate Plymouth Boot Screen.
[[0;32m  OK  [0m] Started Getty on tty1.
[[0;32m  OK  [0m] Started Serial Getty on ttyS0.
[[0;32m  OK  [0m] Reached target Login Prompts.
         Starting Set console scheme...
[[0;32m  OK  [0m] Reached target Multi-User System.
[[0;32m  OK  [0m] Reached target Graphical Interface.
         Starting Update UTMP about System Runlevel Changes...
         Starting Execute cloud user/final scripts...
[[0;32m  OK  [0m] Started Set console scheme.
[[0;32m  OK  [0m] Started Update UTMP about System Runlevel Changes.
ci-info: no authorized ssh keys fingerprints found for user ubuntu.
<14>May 31 08:50:15 ec2: 
<14>May 31 08:50:15 ec2: #############################################################
<14>May 31 08:50:15 ec2: -----BEGIN SSH HOST KEY FINGERPRINTS-----
<14>May 31 08:50:15 ec2: 1024 SHA256:1wZnv+hdfaMYmOp6g8QQgrPEupq6JpBISv80a4VwbTs root@ubuntu-xenial (DSA)
<14>May 31 08:50:15 ec2: 256 SHA256:/EpE6gmWbIp6ocicuUoQK61X8sucshRttdLZZ5/LJXA root@ubuntu-xenial (ECDSA)
<14>May 31 08:50:15 ec2: 256 SHA256:qQ+4qQ4+2e1ywFjT0jZWaJBu2sTvrBvYSgmP5BZ41Ds root@ubuntu-xenial (ED25519)
<14>May 31 08:50:15 ec2: 2048 SHA256:7JCzPhlhk1UJQR0QWEyZnRVqn2Vh2h5HOlLXfVsanzA root@ubuntu-xenial (RSA)
<14>May 31 08:50:15 ec2: -----END SSH HOST KEY FINGERPRINTS-----
<14>May 31 08:50:15 ec2: #############################################################
-----BEGIN SSH HOST KEY KEYS-----
ecdsa-sha2-nistp256 AAAAE2VjZHNhLXNoYTItbmlzdHAyNTYAAAAIbmlzdHAyNTYAAABBBBio4dAEqtkv2g99QVNe+lFp5t38IwUk1Ilqy/Gqng+dZ8tVcwQCbhVoqtgwebwVQcXMO1iVa37NLZVsqQHJ6Qk= root@ubuntu-xenial
ssh-ed25519 AAAAC3NzaC1lZDI1NTE5AAAAIN5w0LMhAW22+8g56t6sFQndsIVSC+m4fm8QDNioin53 root@ubuntu-xenial
ssh-rsa AAAAB3NzaC1yc2EAAAADAQABAAABAQC5rhscnCzSEPc9PdTfrnDpIzIh97qgMRHuR9338UieLij9j2//jkIU/JxZs6cL9TqpyuEXcnxgk+Ene0RxC1TqkxeaEYlFXcNMRyLYC0FcCs00lTCZVq1rBZ9Gn0nydGFO44mgHRStoVx3VYws5MNsxYQS52wUKT/2gCUJqRquV1vmFfxAaknJoTbEyORFBWeaOmH65TxmuJ5w5vqKYyG+ToaZnUI0RApLClUAcj7K1H7byuegIzSSkYXOnnqB+lgfTnbL8Sd0VAjqX8Y2NGmZo2m8LdU6hy2uogTrgTkVl99uV7jtfUhyG18I16tksEhkp3XGh6itJLl3gYASrnoL root@ubuntu-xenial
-----END SSH HOST KEY KEYS-----
[   66.855747] cloud-init[1438]: Cloud-init v. 0.7.8 running 'modules:final' at Wed, 31 May 2017 08:50:15 +0000. Up 65.93 seconds.
[[0;32m  OK  [0m] Started Execute cloud user/final scripts.
[   66.932899] cloud-init[1438]: ci-info: no authorized ssh keys fingerprints found for user ubuntu.
[   66.992485] [cloud-init[0;32m  OK  [0m[1438]: ] Cloud-init v. 0.7.8 finished at Wed, 31 May 2017 08:50:16 +0000. Datasource DataSourceNoCloud [seed=/dev/sdb][dsmode=net].  Up 66.84 secondsReached target Cloud-init target.


Ubuntu 16.04.1 LTS troposphere-ansible ttyS0

troposphere-ansible login: 